<?xml version="1.0" encoding="UTF-8"?>
<testng-results skipped="0" failed="1" total="1" passed="0">
  <reporter-output>
  </reporter-output>
  <suite name="Default suite" duration-ms="297786" started-at="2019-04-03T16:23:06Z" finished-at="2019-04-03T16:28:04Z">
    <groups>
    </groups>
    <test name="Default test" duration-ms="297786" started-at="2019-04-03T16:23:06Z" finished-at="2019-04-03T16:28:04Z">
      <class name="testCase.TestCase03">
        <test-method status="PASS" signature="startReporting()[pri:0, instance:testCase.TestCase03@8bd1b6a]" name="startReporting" is-config="true" duration-ms="205" started-at="2019-04-03T21:53:06Z" finished-at="2019-04-03T21:53:06Z">
          <reporter-output>
          </reporter-output>
        </test-method> <!-- startReporting -->
        <test-method status="PASS" signature="startBrowser()[pri:0, instance:testCase.TestCase03@8bd1b6a]" name="startBrowser" is-config="true" duration-ms="7815" started-at="2019-04-03T21:53:06Z" finished-at="2019-04-03T21:53:14Z">
          <reporter-output>
          </reporter-output>
        </test-method> <!-- startBrowser -->
        <test-method status="PASS" signature="setUpReport()[pri:0, instance:testCase.TestCase03@8bd1b6a]" name="setUpReport" is-config="true" duration-ms="7" started-at="2019-04-03T21:53:14Z" finished-at="2019-04-03T21:53:14Z">
          <reporter-output>
          </reporter-output>
        </test-method> <!-- setUpReport -->
        <test-method status="FAIL" signature="verifyFlipKartSearchProduct()[pri:0, instance:testCase.TestCase03@8bd1b6a]" name="verifyFlipKartSearchProduct" duration-ms="289319" started-at="2019-04-03T21:53:14Z" finished-at="2019-04-03T21:58:03Z">
          <exception class="java.lang.ArrayIndexOutOfBoundsException">
            <message>
              <![CDATA[-1]]>
            </message>
            <full-stacktrace>
              <![CDATA[java.lang.ArrayIndexOutOfBoundsException: -1
	at java.util.ArrayList.elementData(ArrayList.java:422)
	at java.util.ArrayList.get(ArrayList.java:435)
	at sun.reflect.GeneratedMethodAccessor19.invoke(Unknown Source)
	at sun.reflect.DelegatingMethodAccessorImpl.invoke(DelegatingMethodAccessorImpl.java:43)
	at java.lang.reflect.Method.invoke(Method.java:498)
	at org.openqa.selenium.support.pagefactory.internal.LocatingElementListHandler.invoke(LocatingElementListHandler.java:39)
	at com.sun.proxy.$Proxy13.get(Unknown Source)
	at pages.HomePage.getHomePageDetails(HomePage.java:93)
	at testCase.TestCase03.verifyFlipKartSearchProduct(TestCase03.java:77)
	at sun.reflect.NativeMethodAccessorImpl.invoke0(Native Method)
	at sun.reflect.NativeMethodAccessorImpl.invoke(NativeMethodAccessorImpl.java:62)
	at sun.reflect.DelegatingMethodAccessorImpl.invoke(DelegatingMethodAccessorImpl.java:43)
	at java.lang.reflect.Method.invoke(Method.java:498)
	at org.testng.internal.MethodInvocationHelper.invokeMethod(MethodInvocationHelper.java:85)
	at org.testng.internal.Invoker.invokeMethod(Invoker.java:659)
	at org.testng.internal.Invoker.invokeTestMethod(Invoker.java:845)
	at org.testng.internal.Invoker.invokeTestMethods(Invoker.java:1153)
	at org.testng.internal.TestMethodWorker.invokeTestMethods(TestMethodWorker.java:125)
	at org.testng.internal.TestMethodWorker.run(TestMethodWorker.java:108)
	at org.testng.TestRunner.privateRun(TestRunner.java:771)
	at org.testng.TestRunner.run(TestRunner.java:621)
	at org.testng.SuiteRunner.runTest(SuiteRunner.java:357)
	at org.testng.SuiteRunner.runSequentially(SuiteRunner.java:352)
	at org.testng.SuiteRunner.privateRun(SuiteRunner.java:310)
	at org.testng.SuiteRunner.run(SuiteRunner.java:259)
	at org.testng.SuiteRunnerWorker.runSuite(SuiteRunnerWorker.java:52)
	at org.testng.SuiteRunnerWorker.run(SuiteRunnerWorker.java:86)
	at org.testng.TestNG.runSuitesSequentially(TestNG.java:1199)
	at org.testng.TestNG.runSuitesLocally(TestNG.java:1124)
	at org.testng.TestNG.run(TestNG.java:1032)
	at org.testng.remote.AbstractRemoteTestNG.run(AbstractRemoteTestNG.java:114)
	at org.testng.remote.RemoteTestNG.initAndRun(RemoteTestNG.java:251)
	at org.testng.remote.RemoteTestNG.main(RemoteTestNG.java:77)
]]>
            </full-stacktrace>
          </exception> <!-- java.lang.ArrayIndexOutOfBoundsException -->
          <reporter-output>
          </reporter-output>
        </test-method> <!-- verifyFlipKartSearchProduct -->
        <test-method status="PASS" signature="closeReport(org.testng.ITestResult)[pri:0, instance:testCase.TestCase03@8bd1b6a]" name="closeReport" is-config="true" duration-ms="623" started-at="2019-04-03T21:58:03Z" finished-at="2019-04-03T21:58:04Z">
          <params>
            <param index="0">
              <value>
                <![CDATA[[TestResult name=verifyFlipKartSearchProduct status=FAILURE method=TestCase03.verifyFlipKartSearchProduct()[pri:0, instance:testCase.TestCase03@8bd1b6a] output={null}]]]>
              </value>
            </param>
          </params>
          <reporter-output>
          </reporter-output>
        </test-method> <!-- closeReport -->
        <test-method status="PASS" signature="flushReport()[pri:0, instance:testCase.TestCase03@8bd1b6a]" name="flushReport" is-config="true" duration-ms="571" started-at="2019-04-03T21:58:04Z" finished-at="2019-04-03T21:58:05Z">
          <reporter-output>
          </reporter-output>
        </test-method> <!-- flushReport -->
      </class> <!-- testCase.TestCase03 -->
    </test> <!-- Default test -->
  </suite> <!-- Default suite -->
</testng-results>
